Started GET "/" for ::1 at 2016-09-24 08:08:30 +0700
Processing by Rails::WelcomeController#index as HTML
  Parameters: {"internal"=>true}
  Rendering /Users/tringo/.rvm/gems/ruby-2.3.1/gems/railties-5.0.0.1/lib/rails/templates/rails/welcome/index.html.erb
  Rendered /Users/tringo/.rvm/gems/ruby-2.3.1/gems/railties-5.0.0.1/lib/rails/templates/rails/welcome/index.html.erb (4.6ms)
Completed 200 OK in 22ms (Views: 10.7ms | ActiveRecord: 0.0ms)


  [1m[35m (1.0ms)[0m  [1m[35mCREATE TABLE "schema_migrations" ("version" varchar NOT NULL PRIMARY KEY)[0m
  [1m[35m (0.7ms)[0m  [1m[35mCREATE TABLE "ar_internal_metadata" ("key" varchar NOT NULL PRIMARY KEY, "value" varchar, "created_at" datetime NOT NULL, "updated_at" datetime NOT NULL)[0m
  [1m[36mActiveRecord::SchemaMigration Load (0.1ms)[0m  [1m[34mSELECT "schema_migrations".* FROM "schema_migrations"[0m
Migrating to CreateMovies (20160924011041)
  [1m[35m (0.1ms)[0m  [1m[36mbegin transaction[0m
  [1m[35m (0.5ms)[0m  [1m[35mCREATE TABLE "movies" ("id" INTEGER PRIMARY KEY AUTOINCREMENT NOT NULL, "title" varchar, "image" varchar, "release_year" varchar, "plot" varchar, "created_at" datetime NOT NULL, "updated_at" datetime NOT NULL)[0m
  [1m[35mSQL (0.2ms)[0m  [1m[32mINSERT INTO "schema_migrations" ("version") VALUES (?)[0m  [["version", "20160924011041"]]
  [1m[35m (0.5ms)[0m  [1m[36mcommit transaction[0m
Migrating to CreateActors (20160924011055)
  [1m[35m (0.0ms)[0m  [1m[36mbegin transaction[0m
  [1m[35m (0.3ms)[0m  [1m[35mCREATE TABLE "actors" ("id" INTEGER PRIMARY KEY AUTOINCREMENT NOT NULL, "first_name" varchar, "last_name" varchar, "image" varchar, "bio" varchar, "created_at" datetime NOT NULL, "updated_at" datetime NOT NULL)[0m
  [1m[35mSQL (0.1ms)[0m  [1m[32mINSERT INTO "schema_migrations" ("version") VALUES (?)[0m  [["version", "20160924011055"]]
  [1m[35m (0.5ms)[0m  [1m[36mcommit transaction[0m
Migrating to CreateParts (20160924011106)
  [1m[35m (0.0ms)[0m  [1m[36mbegin transaction[0m
  [1m[35m (0.3ms)[0m  [1m[35mCREATE TABLE "parts" ("id" INTEGER PRIMARY KEY AUTOINCREMENT NOT NULL, "movie_id" integer, "actor_id" integer, "created_at" datetime NOT NULL, "updated_at" datetime NOT NULL)[0m
  [1m[35m (0.2ms)[0m  [1m[34mselect sqlite_version(*)[0m
  [1m[35m (0.2ms)[0m  [1m[35mCREATE  INDEX "index_parts_on_movie_id" ON "parts" ("movie_id")[0m
  [1m[35m (0.1ms)[0m  [1m[34m            SELECT sql
            FROM sqlite_master
            WHERE name='index_parts_on_movie_id' AND type='index'
            UNION ALL
            SELECT sql
            FROM sqlite_temp_master
            WHERE name='index_parts_on_movie_id' AND type='index'
[0m
  [1m[35m (0.1ms)[0m  [1m[35mCREATE  INDEX "index_parts_on_actor_id" ON "parts" ("actor_id")[0m
  [1m[35mSQL (0.1ms)[0m  [1m[32mINSERT INTO "schema_migrations" ("version") VALUES (?)[0m  [["version", "20160924011106"]]
  [1m[35m (0.7ms)[0m  [1m[36mcommit transaction[0m
  [1m[36mActiveRecord::InternalMetadata Load (0.1ms)[0m  [1m[34mSELECT  "ar_internal_metadata".* FROM "ar_internal_metadata" WHERE "ar_internal_metadata"."key" = ? LIMIT ?[0m  [["key", :environment], ["LIMIT", 1]]
  [1m[35m (0.0ms)[0m  [1m[36mbegin transaction[0m
  [1m[35mSQL (0.3ms)[0m  [1m[32mINSERT INTO "ar_internal_metadata" ("key", "value", "created_at", "updated_at") VALUES (?, ?, ?, ?)[0m  [["key", "environment"], ["value", "development"], ["created_at", 2016-09-24 01:28:24 UTC], ["updated_at", 2016-09-24 01:28:24 UTC]]
  [1m[35m (0.4ms)[0m  [1m[36mcommit transaction[0m
  [1m[36mActiveRecord::SchemaMigration Load (0.1ms)[0m  [1m[34mSELECT "schema_migrations".* FROM "schema_migrations"[0m
  [1m[35m (0.2ms)[0m  [1m[34m            SELECT sql
            FROM sqlite_master
            WHERE name='index_parts_on_actor_id' AND type='index'
            UNION ALL
            SELECT sql
            FROM sqlite_temp_master
            WHERE name='index_parts_on_actor_id' AND type='index'
[0m
  [1m[35m (0.1ms)[0m  [1m[34m            SELECT sql
            FROM sqlite_master
            WHERE name='index_parts_on_movie_id' AND type='index'
            UNION ALL
            SELECT sql
            FROM sqlite_temp_master
            WHERE name='index_parts_on_movie_id' AND type='index'
[0m
  [1m[36mActiveRecord::SchemaMigration Load (0.2ms)[0m  [1m[34mSELECT "schema_migrations".* FROM "schema_migrations"[0m
  [1m[35m (0.0ms)[0m  [1m[36mbegin transaction[0m
  [1m[35mSQL (0.4ms)[0m  [1m[32mINSERT INTO "actors" ("first_name", "last_name", "image", "bio", "created_at", "updated_at") VALUES (?, ?, ?, ?, ?, ?)[0m  [["first_name", "George"], ["last_name", "Clooney"], ["image", "http://s3.amazonaws.com/codecademy-content/courses/learn-rails/img/george-clooney.jpg"], ["bio", "George Timothy Clooney is an American actor, writer, producer, director, and activist. He has received three Golden Globe Awards for his ..."], ["created_at", 2016-09-24 01:29:39 UTC], ["updated_at", 2016-09-24 01:29:39 UTC]]
  [1m[35m (0.6ms)[0m  [1m[36mcommit transaction[0m
  [1m[35m (0.0ms)[0m  [1m[36mbegin transaction[0m
  [1m[35mSQL (0.2ms)[0m  [1m[32mINSERT INTO "actors" ("first_name", "last_name", "image", "bio", "created_at", "updated_at") VALUES (?, ?, ?, ?, ?, ?)[0m  [["first_name", "Matt"], ["last_name", "Damon"], ["image", "http://s3.amazonaws.com/codecademy-content/courses/learn-rails/img/matt-damon.jpg"], ["bio", "Matthew Paige \"Matt\" Damon is an American actor, voice actor, screenwriter, producer, and philanthropist."], ["created_at", 2016-09-24 01:29:39 UTC], ["updated_at", 2016-09-24 01:29:39 UTC]]
  [1m[35m (0.6ms)[0m  [1m[36mcommit transaction[0m
  [1m[35m (0.0ms)[0m  [1m[36mbegin transaction[0m
  [1m[35mSQL (0.3ms)[0m  [1m[32mINSERT INTO "actors" ("first_name", "last_name", "image", "bio", "created_at", "updated_at") VALUES (?, ?, ?, ?, ?, ?)[0m  [["first_name", "Brad"], ["last_name", "Pitt"], ["image", "http://s3.amazonaws.com/codecademy-content/courses/learn-rails/img/brad-pitt.jpg"], ["bio", "William Bradley \"Brad\" Pitt is an American actor and producer. He has received a Golden Globe Award, a Screen Actors Guild Award, and thr..."], ["created_at", 2016-09-24 01:29:39 UTC], ["updated_at", 2016-09-24 01:29:39 UTC]]
  [1m[35m (0.5ms)[0m  [1m[36mcommit transaction[0m
  [1m[35m (0.1ms)[0m  [1m[36mbegin transaction[0m
  [1m[35mSQL (0.2ms)[0m  [1m[32mINSERT INTO "actors" ("first_name", "last_name", "image", "bio", "created_at", "updated_at") VALUES (?, ?, ?, ?, ?, ?)[0m  [["first_name", "Elliot"], ["last_name", "Gould"], ["image", "http://s3.amazonaws.com/codecademy-content/courses/learn-rails/img/elliot-gould.jpg"], ["bio", "Elliott Gould is an American actor. He began acting in Hollywood films during the 1960s, and has remained prolific ever since. "], ["created_at", 2016-09-24 01:29:39 UTC], ["updated_at", 2016-09-24 01:29:39 UTC]]
  [1m[35m (0.4ms)[0m  [1m[36mcommit transaction[0m
  [1m[35m (0.0ms)[0m  [1m[36mbegin transaction[0m
  [1m[35mSQL (0.2ms)[0m  [1m[32mINSERT INTO "actors" ("first_name", "last_name", "image", "bio", "created_at", "updated_at") VALUES (?, ?, ?, ?, ?, ?)[0m  [["first_name", "Julia"], ["last_name", "Roberts"], ["image", "http://s3.amazonaws.com/codecademy-content/courses/learn-rails/img/julia-roberts.jpg"], ["bio", "Julia Fiona Roberts is an American actress and producer. She became a Hollywood star after headlining the romantic comedy Pretty Woman, w..."], ["created_at", 2016-09-24 01:29:39 UTC], ["updated_at", 2016-09-24 01:29:39 UTC]]
  [1m[35m (0.4ms)[0m  [1m[36mcommit transaction[0m
  [1m[35m (0.0ms)[0m  [1m[36mbegin transaction[0m
  [1m[35mSQL (0.3ms)[0m  [1m[32mINSERT INTO "actors" ("first_name", "last_name", "image", "bio", "created_at", "updated_at") VALUES (?, ?, ?, ?, ?, ?)[0m  [["first_name", "Mark"], ["last_name", "Wahlberg"], ["image", "http://s3.amazonaws.com/codecademy-content/courses/learn-rails/img/mark-wahlberg.jpg"], ["bio", "Mark Robert Michael Wahlberg is an American actor, producer, model, and former rapper. He was known as Marky Mark in his earlier years, b..."], ["created_at", 2016-09-24 01:29:39 UTC], ["updated_at", 2016-09-24 01:29:39 UTC]]
  [1m[35m (0.4ms)[0m  [1m[36mcommit transaction[0m
  [1m[35m (0.0ms)[0m  [1m[36mbegin transaction[0m
  [1m[35mSQL (0.2ms)[0m  [1m[32mINSERT INTO "actors" ("first_name", "last_name", "image", "bio", "created_at", "updated_at") VALUES (?, ?, ?, ?, ?, ?)[0m  [["first_name", "Marion"], ["last_name", "Cotillard"], ["image", "http://s3.amazonaws.com/codecademy-content/courses/learn-rails/img/marion-cotillard.jpg"], ["bio", "Marion Cotillard is a French actress, singer, songwriter, environmentalist and spokesperson for Greenpeace."], ["created_at", 2016-09-24 01:29:39 UTC], ["updated_at", 2016-09-24 01:29:39 UTC]]
  [1m[35m (0.4ms)[0m  [1m[36mcommit transaction[0m
  [1m[35m (0.0ms)[0m  [1m[36mbegin transaction[0m
  [1m[35mSQL (0.2ms)[0m  [1m[32mINSERT INTO "actors" ("first_name", "last_name", "image", "bio", "created_at", "updated_at") VALUES (?, ?, ?, ?, ?, ?)[0m  [["first_name", "Laurence"], ["last_name", "Fishburne"], ["image", "http://s3.amazonaws.com/codecademy-content/courses/learn-rails/img/laurence-fishburne.jpg"], ["bio", "Laurence John Fishburne III is an American actor, playwright, director, and producer. He is best known for his roles as Morpheus in the M..."], ["created_at", 2016-09-24 01:29:39 UTC], ["updated_at", 2016-09-24 01:29:39 UTC]]
  [1m[35m (0.5ms)[0m  [1m[36mcommit transaction[0m
  [1m[35m (0.0ms)[0m  [1m[36mbegin transaction[0m
  [1m[35mSQL (0.3ms)[0m  [1m[32mINSERT INTO "actors" ("first_name", "last_name", "image", "bio", "created_at", "updated_at") VALUES (?, ?, ?, ?, ?, ?)[0m  [["first_name", "Jude"], ["last_name", "Law"], ["image", "http://s3.amazonaws.com/codecademy-content/courses/learn-rails/img/jude-law.jpg"], ["bio", "David Jude Heyworth Law, known professionally as Jude Law, is an English actor, film producer and director. He began acting with the Nati..."], ["created_at", 2016-09-24 01:29:39 UTC], ["updated_at", 2016-09-24 01:29:39 UTC]]
  [1m[35m (0.4ms)[0m  [1m[36mcommit transaction[0m
  [1m[35m (0.0ms)[0m  [1m[36mbegin transaction[0m
  [1m[35mSQL (0.2ms)[0m  [1m[32mINSERT INTO "actors" ("first_name", "last_name", "image", "bio", "created_at", "updated_at") VALUES (?, ?, ?, ?, ?, ?)[0m  [["first_name", "Gwyneth"], ["last_name", "Paltrow"], ["image", "http://s3.amazonaws.com/codecademy-content/courses/learn-rails/img/gwyneth-paltrow.jpg"], ["bio", "Gwyneth Kate Paltrow is an American actress, singer, and food writer. Paltrow gained early notice for her work in films such as the psych..."], ["created_at", 2016-09-24 01:29:39 UTC], ["updated_at", 2016-09-24 01:29:39 UTC]]
  [1m[35m (0.4ms)[0m  [1m[36mcommit transaction[0m
  [1m[35m (0.1ms)[0m  [1m[36mbegin transaction[0m
  [1m[35mSQL (0.3ms)[0m  [1m[32mINSERT INTO "actors" ("first_name", "last_name", "image", "bio", "created_at", "updated_at") VALUES (?, ?, ?, ?, ?, ?)[0m  [["first_name", "Kate"], ["last_name", "Winslet"], ["image", "http://s3.amazonaws.com/codecademy-content/courses/learn-rails/img/kate-winslet.jpg"], ["bio", "Kate Elizabeth Winslet, CBE, is an English actress and singer. She is the recipient of an Academy Award, an Emmy Award, three Golden Glob..."], ["created_at", 2016-09-24 01:29:39 UTC], ["updated_at", 2016-09-24 01:29:39 UTC]]
  [1m[35m (0.6ms)[0m  [1m[36mcommit transaction[0m
  [1m[35m (0.0ms)[0m  [1m[36mbegin transaction[0m
  [1m[35mSQL (0.2ms)[0m  [1m[32mINSERT INTO "actors" ("first_name", "last_name", "image", "bio", "created_at", "updated_at") VALUES (?, ?, ?, ?, ?, ?)[0m  [["first_name", "Bryan"], ["last_name", "Cranston"], ["image", "http://s3.amazonaws.com/codecademy-content/courses/learn-rails/img/bryan-cranston.jpg"], ["bio", "Bryan Lee Cranston is an American actor, voice actor, screenwriter, director and producer. Cranston is best known for portraying Walter W..."], ["created_at", 2016-09-24 01:29:39 UTC], ["updated_at", 2016-09-24 01:29:39 UTC]]
  [1m[35m (0.5ms)[0m  [1m[36mcommit transaction[0m
  [1m[35m (0.0ms)[0m  [1m[36mbegin transaction[0m
  [1m[35mSQL (0.2ms)[0m  [1m[32mINSERT INTO "actors" ("first_name", "last_name", "image", "bio", "created_at", "updated_at") VALUES (?, ?, ?, ?, ?, ?)[0m  [["first_name", "Leonardo"], ["last_name", "DiCaprio"], ["image", "http://s3.amazonaws.com/codecademy-content/courses/learn-rails/img/leonardo-dicaprio.jpg"], ["bio", "Leonardo Wilhelm DiCaprio is an American actor and film producer. He has been nominated for ten Golden Globe Awards, winning two, and fo..."], ["created_at", 2016-09-24 01:29:39 UTC], ["updated_at", 2016-09-24 01:29:39 UTC]]
  [1m[35m (0.4ms)[0m  [1m[36mcommit transaction[0m
  [1m[35m (0.0ms)[0m  [1m[36mbegin transaction[0m
  [1m[35mSQL (0.5ms)[0m  [1m[32mINSERT INTO "actors" ("first_name", "last_name", "image", "bio", "created_at", "updated_at") VALUES (?, ?, ?, ?, ?, ?)[0m  [["first_name", "Jack"], ["last_name", "Nicholson"], ["image", "http://s3.amazonaws.com/codecademy-content/courses/learn-rails/img/jack-nicholson.jpg"], ["bio", "John Joseph \"Jack\" Nicholson is an American actor, film director, producer, and writer. Throughout his career, Nicholson has portrayed un..."], ["created_at", 2016-09-24 01:29:39 UTC], ["updated_at", 2016-09-24 01:29:39 UTC]]
  [1m[35m (0.6ms)[0m  [1m[36mcommit transaction[0m
  [1m[35m (0.1ms)[0m  [1m[36mbegin transaction[0m
  [1m[35mSQL (0.3ms)[0m  [1m[32mINSERT INTO "actors" ("first_name", "last_name", "image", "bio", "created_at", "updated_at") VALUES (?, ?, ?, ?, ?, ?)[0m  [["first_name", "Joseph"], ["last_name", "Gordon-Levitt"], ["image", "http://s3.amazonaws.com/codecademy-content/courses/learn-rails/img/joseph-gordon-levitt.jpg"], ["bio", "Joseph Leonard Gordon-Levitt is an American actor and filmmaker. As a child star, he appeared in the films A River Runs Through It, Angel..."], ["created_at", 2016-09-24 01:29:39 UTC], ["updated_at", 2016-09-24 01:29:39 UTC]]
  [1m[35m (0.4ms)[0m  [1m[36mcommit transaction[0m
  [1m[35m (0.0ms)[0m  [1m[36mbegin transaction[0m
  [1m[35mSQL (0.2ms)[0m  [1m[32mINSERT INTO "actors" ("first_name", "last_name", "image", "bio", "created_at", "updated_at") VALUES (?, ?, ?, ?, ?, ?)[0m  [["first_name", "Tom"], ["last_name", "Hardy"], ["image", "http://s3.amazonaws.com/codecademy-content/courses/learn-rails/img/tom-hardy.jpg"], ["bio", "Edward Thomas \"Tom\" Hardy is an English actor. Hardy's notable film roles include the science fiction film Star Trek: Nemesis, the Guy Ri..."], ["created_at", 2016-09-24 01:29:39 UTC], ["updated_at", 2016-09-24 01:29:39 UTC]]
  [1m[35m (0.4ms)[0m  [1m[36mcommit transaction[0m
  [1m[35m (0.1ms)[0m  [1m[36mbegin transaction[0m
  [1m[35mSQL (0.2ms)[0m  [1m[32mINSERT INTO "actors" ("first_name", "last_name", "image", "bio", "created_at", "updated_at") VALUES (?, ?, ?, ?, ?, ?)[0m  [["first_name", "Cillian"], ["last_name", "Murphy"], ["image", "http://s3.amazonaws.com/codecademy-content/courses/learn-rails/img/cillian-murphy.jpg"], ["bio", "Cillian Murphy is an Irish actor of stage and screen. Since making his debut in his home country in the late 1990s, Murphy has also becom..."], ["created_at", 2016-09-24 01:29:39 UTC], ["updated_at", 2016-09-24 01:29:39 UTC]]
  [1m[35m (0.4ms)[0m  [1m[36mcommit transaction[0m
  [1m[35m (0.0ms)[0m  [1m[36mbegin transaction[0m
  [1m[35mSQL (0.2ms)[0m  [1m[32mINSERT INTO "actors" ("first_name", "last_name", "image", "bio", "created_at", "updated_at") VALUES (?, ?, ?, ?, ?, ?)[0m  [["first_name", "Christian"], ["last_name", "Bale"], ["image", "http://s3.amazonaws.com/codecademy-content/courses/learn-rails/img/christian-bale.jpg"], ["bio", "Christian Charles Philip Bale is an English actor. He has starred in both blockbuster films and smaller projects from independent produce..."], ["created_at", 2016-09-24 01:29:39 UTC], ["updated_at", 2016-09-24 01:29:39 UTC]]
  [1m[35m (0.4ms)[0m  [1m[36mcommit transaction[0m
  [1m[35m (0.0ms)[0m  [1m[36mbegin transaction[0m
  [1m[35mSQL (0.2ms)[0m  [1m[32mINSERT INTO "actors" ("first_name", "last_name", "image", "bio", "created_at", "updated_at") VALUES (?, ?, ?, ?, ?, ?)[0m  [["first_name", "Morgan"], ["last_name", "Freeman"], ["image", "http://s3.amazonaws.com/codecademy-content/courses/learn-rails/img/morgan-freeman.jpg"], ["bio", "Morgan Freeman is an American actor, film director, and narrator. Freeman has received Academy Award nominations for his performances in ..."], ["created_at", 2016-09-24 01:29:39 UTC], ["updated_at", 2016-09-24 01:29:39 UTC]]
  [1m[35m (0.5ms)[0m  [1m[36mcommit transaction[0m
  [1m[35m (0.1ms)[0m  [1m[36mbegin transaction[0m
  [1m[35mSQL (0.2ms)[0m  [1m[32mINSERT INTO "actors" ("first_name", "last_name", "image", "bio", "created_at", "updated_at") VALUES (?, ?, ?, ?, ?, ?)[0m  [["first_name", "Robert"], ["last_name", "Downey Jr."], ["image", "http://s3.amazonaws.com/codecademy-content/courses/learn-rails/img/rdj.jpg"], ["bio", "Robert John Downey Jr. is an American actor, producer, and singer. Making his screen debut at the age of five, appearing in his father Ro..."], ["created_at", 2016-09-24 01:29:39 UTC], ["updated_at", 2016-09-24 01:29:39 UTC]]
  [1m[35m (0.3ms)[0m  [1m[36mcommit transaction[0m
  [1m[35m (0.0ms)[0m  [1m[36mbegin transaction[0m
  [1m[35mSQL (0.2ms)[0m  [1m[32mINSERT INTO "actors" ("first_name", "last_name", "image", "bio", "created_at", "updated_at") VALUES (?, ?, ?, ?, ?, ?)[0m  [["first_name", "Terrence"], ["last_name", "Howard"], ["image", "http://s3.amazonaws.com/codecademy-content/courses/learn-rails/img/terrence-howard.jpg"], ["bio", "Terrence Dashon Howard is an American actor and singer. Having his first major role in the 1995 film Dead Presidents, and Mr. Holland's O..."], ["created_at", 2016-09-24 01:29:39 UTC], ["updated_at", 2016-09-24 01:29:39 UTC]]
  [1m[35m (0.4ms)[0m  [1m[36mcommit transaction[0m
  [1m[35m (0.1ms)[0m  [1m[36mbegin transaction[0m
  [1m[35mSQL (0.2ms)[0m  [1m[32mINSERT INTO "actors" ("first_name", "last_name", "image", "bio", "created_at", "updated_at") VALUES (?, ?, ?, ?, ?, ?)[0m  [["first_name", "Jeff"], ["last_name", "Bridges"], ["image", "http://s3.amazonaws.com/codecademy-content/courses/learn-rails/img/jeff-bridges.jpg"], ["bio", "Jeffrey Leon \"Jeff\" Bridges is an American actor, country musician, and producer. He comes from a well-known acting family and began his ..."], ["created_at", 2016-09-24 01:29:39 UTC], ["updated_at", 2016-09-24 01:29:39 UTC]]
  [1m[35m (0.4ms)[0m  [1m[36mcommit transaction[0m
  [1m[35m (0.0ms)[0m  [1m[36mbegin transaction[0m
  [1m[35mSQL (0.2ms)[0m  [1m[32mINSERT INTO "actors" ("first_name", "last_name", "image", "bio", "created_at", "updated_at") VALUES (?, ?, ?, ?, ?, ?)[0m  [["first_name", "Rachel"], ["last_name", "McAdams"], ["image", "http://s3.amazonaws.com/codecademy-content/courses/learn-rails/img/rachel-mcadams.jpg"], ["bio", "Rachel Anne McAdams is a Canadian actress. After graduating from a four-year theatre program at York University in 2001, she initially wo..."], ["created_at", 2016-09-24 01:29:39 UTC], ["updated_at", 2016-09-24 01:29:39 UTC]]
  [1m[35m (0.5ms)[0m  [1m[36mcommit transaction[0m
  [1m[35m (0.0ms)[0m  [1m[36mbegin transaction[0m
  [1m[35mSQL (0.2ms)[0m  [1m[32mINSERT INTO "actors" ("first_name", "last_name", "image", "bio", "created_at", "updated_at") VALUES (?, ?, ?, ?, ?, ?)[0m  [["first_name", "Mark"], ["last_name", "Strong"], ["image", "http://s3.amazonaws.com/codecademy-content/courses/learn-rails/img/mark-strong.jpg"], ["bio", "Mark Strong is an English film and television actor. He is best known for his role in the television series Our Friends in the North and ..."], ["created_at", 2016-09-24 01:29:39 UTC], ["updated_at", 2016-09-24 01:29:39 UTC]]
  [1m[35m (0.5ms)[0m  [1m[36mcommit transaction[0m
  [1m[35m (0.0ms)[0m  [1m[36mbegin transaction[0m
  [1m[35mSQL (0.2ms)[0m  [1m[32mINSERT INTO "actors" ("first_name", "last_name", "image", "bio", "created_at", "updated_at") VALUES (?, ?, ?, ?, ?, ?)[0m  [["first_name", "Diane"], ["last_name", "Lane"], ["image", "http://s3.amazonaws.com/codecademy-content/courses/learn-rails/img/diane-lane.jpg"], ["bio", "Diane Lane is an American actress. Born and raised in New York City, Lane made her screen debut in George Roy Hill's 1979 film A Little R..."], ["created_at", 2016-09-24 01:29:39 UTC], ["updated_at", 2016-09-24 01:29:39 UTC]]
  [1m[35m (0.5ms)[0m  [1m[36mcommit transaction[0m
  [1m[35m (0.0ms)[0m  [1m[36mbegin transaction[0m
  [1m[35mSQL (0.2ms)[0m  [1m[32mINSERT INTO "actors" ("first_name", "last_name", "image", "bio", "created_at", "updated_at") VALUES (?, ?, ?, ?, ?, ?)[0m  [["first_name", "Ellen"], ["last_name", "Page"], ["image", "http://s3.amazonaws.com/codecademy-content/courses/learn-rails/img/ellen-page.jpg"], ["bio", "Ellen Philpotts-Page, known professionally as Ellen Page, is a Canadian actress. She started her career in Canada with roles in the telev..."], ["created_at", 2016-09-24 01:29:39 UTC], ["updated_at", 2016-09-24 01:29:39 UTC]]
  [1m[35m (0.4ms)[0m  [1m[36mcommit transaction[0m
  [1m[35m (0.0ms)[0m  [1m[36mbegin transaction[0m
  [1m[35mSQL (0.6ms)[0m  [1m[32mINSERT INTO "actors" ("first_name", "last_name", "image", "bio", "created_at", "updated_at") VALUES (?, ?, ?, ?, ?, ?)[0m  [["first_name", "Anne"], ["last_name", "Hathaway"], ["image", "http://s3.amazonaws.com/codecademy-content/courses/learn-rails/img/anne-hathaway.jpg"], ["bio", "Anne Jacqueline Hathaway is an American actress, singer, and producer. After several stage roles, she appeared in the 1999 television ser..."], ["created_at", 2016-09-24 01:29:39 UTC], ["updated_at", 2016-09-24 01:29:39 UTC]]
  [1m[35m (0.6ms)[0m  [1m[36mcommit transaction[0m
  [1m[35m (0.0ms)[0m  [1m[36mbegin transaction[0m
  [1m[35mSQL (0.2ms)[0m  [1m[32mINSERT INTO "actors" ("first_name", "last_name", "image", "bio", "created_at", "updated_at") VALUES (?, ?, ?, ?, ?, ?)[0m  [["first_name", "Michael"], ["last_name", "Caine"], ["image", "http://s3.amazonaws.com/codecademy-content/courses/learn-rails/img/michael-caine.jpg"], ["bio", "Sir Michael Caine, CBE is an English actor and author. Renowned for his distinctive Cockney accent, Caine has appeared in over 115 films ..."], ["created_at", 2016-09-24 01:29:39 UTC], ["updated_at", 2016-09-24 01:29:39 UTC]]
  [1m[35m (0.4ms)[0m  [1m[36mcommit transaction[0m
  [1m[35m (0.1ms)[0m  [1m[36mbegin transaction[0m
  [1m[35mSQL (0.2ms)[0m  [1m[32mINSERT INTO "actors" ("first_name", "last_name", "image", "bio", "created_at", "updated_at") VALUES (?, ?, ?, ?, ?, ?)[0m  [["first_name", "Natalie"], ["last_name", "Portman"], ["image", "http://s3.amazonaws.com/codecademy-content/courses/learn-rails/img/natalie-portman.png"], ["bio", "Natalie Portman is an Israeli-born American actress, producer, and director. Her first role was in the 1994 action thriller Lon: The Pr..."], ["created_at", 2016-09-24 01:29:39 UTC], ["updated_at", 2016-09-24 01:29:39 UTC]]
  [1m[35m (0.4ms)[0m  [1m[36mcommit transaction[0m
  [1m[35m (0.0ms)[0m  [1m[36mbegin transaction[0m
  [1m[35mSQL (0.2ms)[0m  [1m[32mINSERT INTO "actors" ("first_name", "last_name", "image", "bio", "created_at", "updated_at") VALUES (?, ?, ?, ?, ?, ?)[0m  [["first_name", "Clive"], ["last_name", "Owen"], ["image", "http://s3.amazonaws.com/codecademy-content/courses/learn-rails/img/clive-owen.jpg"], ["bio", "Clive Owen is an English actor who first gained recognition in the United Kingdom for playing the lead role in the ITV series Chancer fro..."], ["created_at", 2016-09-24 01:29:39 UTC], ["updated_at", 2016-09-24 01:29:39 UTC]]
  [1m[35m (0.4ms)[0m  [1m[36mcommit transaction[0m
  [1m[35m (0.0ms)[0m  [1m[36mbegin transaction[0m
  [1m[35mSQL (0.2ms)[0m  [1m[32mINSERT INTO "actors" ("first_name", "last_name", "image", "bio", "created_at", "updated_at") VALUES (?, ?, ?, ?, ?, ?)[0m  [["first_name", "Matthew"], ["last_name", "McConaughey"], ["image", "http://s3.amazonaws.com/codecademy-content/courses/learn-rails/img/matthew-mcconaughey.jpg"], ["bio", "Matthew David McConaughey is an American actor and producer. He first gained notice for his breakout role in the coming-of-age comedy Daz..."], ["created_at", 2016-09-24 01:29:39 UTC], ["updated_at", 2016-09-24 01:29:39 UTC]]
  [1m[35m (0.4ms)[0m  [1m[36mcommit transaction[0m
  [1m[35m (0.0ms)[0m  [1m[36mbegin transaction[0m
  [1m[35mSQL (0.2ms)[0m  [1m[32mINSERT INTO "movies" ("title", "image", "release_year", "plot", "created_at", "updated_at") VALUES (?, ?, ?, ?, ?, ?)[0m  [["title", "Ocean's 11"], ["image", "http://s3.amazonaws.com/codecademy-content/courses/learn-rails/img/oceans-11.jpg"], ["release_year", "2001"], ["plot", "Dapper Danny Ocean (George Clooney) is a man of action. Less than 24 hours into his parole from a New Jersey penitentiary, the wry, chari..."], ["created_at", 2016-09-24 01:29:39 UTC], ["updated_at", 2016-09-24 01:29:39 UTC]]
  [1m[35m (0.4ms)[0m  [1m[36mcommit transaction[0m
  [1m[35m (0.0ms)[0m  [1m[36mbegin transaction[0m
  [1m[35mSQL (0.2ms)[0m  [1m[32mINSERT INTO "movies" ("title", "image", "release_year", "plot", "created_at", "updated_at") VALUES (?, ?, ?, ?, ?, ?)[0m  [["title", "The Perfect Storm"], ["image", "http://s3.amazonaws.com/codecademy-content/courses/learn-rails/img/the-perfect-storm.jpg"], ["release_year", "2000"], ["plot", "Based on a true story, the film tells of the courageous men and women who risk their lives every working day, pitting their fishing boats..."], ["created_at", 2016-09-24 01:29:39 UTC], ["updated_at", 2016-09-24 01:29:39 UTC]]
  [1m[35m (0.5ms)[0m  [1m[36mcommit transaction[0m
  [1m[35m (0.0ms)[0m  [1m[36mbegin transaction[0m
  [1m[35mSQL (0.2ms)[0m  [1m[32mINSERT INTO "movies" ("title", "image", "release_year", "plot", "created_at", "updated_at") VALUES (?, ?, ?, ?, ?, ?)[0m  [["title", "Contagion"], ["image", "http://s3.amazonaws.com/codecademy-content/courses/learn-rails/img/contagion.jpg"], ["release_year", "2011"], ["plot", "When Beth Emhoff (Gwyneth Paltrow) returns to Minnesota from a Hong Kong business trip, she attributes the malaise she feels to jet lag ..."], ["created_at", 2016-09-24 01:29:39 UTC], ["updated_at", 2016-09-24 01:29:39 UTC]]
  [1m[35m (0.4ms)[0m  [1m[36mcommit transaction[0m
  [1m[35m (0.0ms)[0m  [1m[36mbegin transaction[0m
  [1m[35mSQL (0.2ms)[0m  [1m[32mINSERT INTO "movies" ("title", "image", "release_year", "plot", "created_at", "updated_at") VALUES (?, ?, ?, ?, ?, ?)[0m  [["title", "The Departed"], ["image", "http://s3.amazonaws.com/codecademy-content/courses/learn-rails/img/the-departed.jpg"], ["release_year", "2006"], ["plot", "South Boston cop Billy Costigan (Leonardo DiCaprio) goes under cover to infiltrate the organization of gangland chief Frank Costello (Jac..."], ["created_at", 2016-09-24 01:29:39 UTC], ["updated_at", 2016-09-24 01:29:39 UTC]]
  [1m[35m (0.5ms)[0m  [1m[36mcommit transaction[0m
  [1m[35m (0.0ms)[0m  [1m[36mbegin transaction[0m
  [1m[35mSQL (0.2ms)[0m  [1m[32mINSERT INTO "movies" ("title", "image", "release_year", "plot", "created_at", "updated_at") VALUES (?, ?, ?, ?, ?, ?)[0m  [["title", "Inception"], ["image", "http://s3.amazonaws.com/codecademy-content/courses/learn-rails/img/inception.jpg"], ["release_year", "2010"], ["plot", "Dom Cobb (Leonardo DiCaprio) is a thief with the rare ability to enter people's dreams and steal their secrets from their subconscious ..."], ["created_at", 2016-09-24 01:29:39 UTC], ["updated_at", 2016-09-24 01:29:39 UTC]]
  [1m[35m (0.4ms)[0m  [1m[36mcommit transaction[0m
  [1m[35m (0.0ms)[0m  [1m[36mbegin transaction[0m
  [1m[35mSQL (0.2ms)[0m  [1m[32mINSERT INTO "movies" ("title", "image", "release_year", "plot", "created_at", "updated_at") VALUES (?, ?, ?, ?, ?, ?)[0m  [["title", "The Dark Knight Rises"], ["image", "http://s3.amazonaws.com/codecademy-content/courses/learn-rails/img/dark-knight-rises.jpg"], ["release_year", "2012"], ["plot", "It has been eight years since Batman (Christian Bale), in collusion with Commissioner Gordon (Gary Oldman), vanished into the night. Assu..."], ["created_at", 2016-09-24 01:29:39 UTC], ["updated_at", 2016-09-24 01:29:39 UTC]]
  [1m[35m (0.4ms)[0m  [1m[36mcommit transaction[0m
  [1m[35m (0.0ms)[0m  [1m[36mbegin transaction[0m
  [1m[35mSQL (0.2ms)[0m  [1m[32mINSERT INTO "movies" ("title", "image", "release_year", "plot", "created_at", "updated_at") VALUES (?, ?, ?, ?, ?, ?)[0m  [["title", "Iron Man"], ["image", "http://s3.amazonaws.com/codecademy-content/courses/learn-rails/img/iron-man.jpg"], ["release_year", "2008"], ["plot", "A billionaire industrialist and genius inventor, Tony Stark (Robert Downey Jr.), is conducting weapons tests overseas, but terrorists kid..."], ["created_at", 2016-09-24 01:29:39 UTC], ["updated_at", 2016-09-24 01:29:39 UTC]]
  [1m[35m (0.4ms)[0m  [1m[36mcommit transaction[0m
  [1m[35m (0.0ms)[0m  [1m[36mbegin transaction[0m
  [1m[35mSQL (0.2ms)[0m  [1m[32mINSERT INTO "movies" ("title", "image", "release_year", "plot", "created_at", "updated_at") VALUES (?, ?, ?, ?, ?, ?)[0m  [["title", "Sherlock Holmes"], ["image", "http://s3.amazonaws.com/codecademy-content/courses/learn-rails/img/sherlock-holmes.jpg"], ["release_year", "2009"], ["plot", "When a string of brutal murders terrorizes London, it doesn't take long for legendary detective Sherlock Holmes (Robert Downey Jr.) and ..."], ["created_at", 2016-09-24 01:29:39 UTC], ["updated_at", 2016-09-24 01:29:39 UTC]]
  [1m[35m (0.4ms)[0m  [1m[36mcommit transaction[0m
  [1m[35m (0.0ms)[0m  [1m[36mbegin transaction[0m
  [1m[35mSQL (0.4ms)[0m  [1m[32mINSERT INTO "movies" ("title", "image", "release_year", "plot", "created_at", "updated_at") VALUES (?, ?, ?, ?, ?, ?)[0m  [["title", "Closer"], ["image", "http://s3.amazonaws.com/codecademy-content/courses/learn-rails/img/closer.jpg"], ["release_year", "2004"], ["plot", "Alice (Natalie Portman), who has moved to London, meets Dan (Jude Law) on the street. While looking at him, a taxi hits her. After taking ..."], ["created_at", 2016-09-24 01:29:39 UTC], ["updated_at", 2016-09-24 01:29:39 UTC]]
  [1m[35m (0.5ms)[0m  [1m[36mcommit transaction[0m
  [1m[35m (0.0ms)[0m  [1m[36mbegin transaction[0m
  [1m[35mSQL (0.2ms)[0m  [1m[32mINSERT INTO "movies" ("title", "image", "release_year", "plot", "created_at", "updated_at") VALUES (?, ?, ?, ?, ?, ?)[0m  [["title", "Interstellar"], ["image", "http://s3.amazonaws.com/codecademy-content/courses/learn-rails/img/interstellar.jpg"], ["release_year", "2014"], ["plot", "In Earth's future, a global crop blight and second Dust Bowl are slowly rendering the planet uninhabitable. Professor Brand (Michael Cai..."], ["created_at", 2016-09-24 01:29:39 UTC], ["updated_at", 2016-09-24 01:29:39 UTC]]
  [1m[35m (0.4ms)[0m  [1m[36mcommit transaction[0m
  [1m[35m (0.0ms)[0m  [1m[36mbegin transaction[0m
  [1m[35mSQL (0.4ms)[0m  [1m[32mINSERT INTO "parts" ("movie_id", "actor_id", "created_at", "updated_at") VALUES (?, ?, ?, ?)[0m  [["movie_id", 1], ["actor_id", 1], ["created_at", 2016-09-24 01:29:39 UTC], ["updated_at", 2016-09-24 01:29:39 UTC]]
  [1m[35mSQL (0.1ms)[0m  [1m[32mINSERT INTO "parts" ("movie_id", "actor_id", "created_at", "updated_at") VALUES (?, ?, ?, ?)[0m  [["movie_id", 1], ["actor_id", 2], ["created_at", 2016-09-24 01:29:39 UTC], ["updated_at", 2016-09-24 01:29:39 UTC]]
  [1m[35mSQL (0.1ms)[0m  [1m[32mINSERT INTO "parts" ("movie_id", "actor_id", "created_at", "updated_at") VALUES (?, ?, ?, ?)[0m  [["movie_id", 1], ["actor_id", 3], ["created_at", 2016-09-24 01:29:39 UTC], ["updated_at", 2016-09-24 01:29:39 UTC]]
  [1m[35mSQL (0.1ms)[0m  [1m[32mINSERT INTO "parts" ("movie_id", "actor_id", "created_at", "updated_at") VALUES (?, ?, ?, ?)[0m  [["movie_id", 1], ["actor_id", 4], ["created_at", 2016-09-24 01:29:39 UTC], ["updated_at", 2016-09-24 01:29:39 UTC]]
  [1m[35mSQL (0.1ms)[0m  [1m[32mINSERT INTO "parts" ("movie_id", "actor_id", "created_at", "updated_at") VALUES (?, ?, ?, ?)[0m  [["movie_id", 1], ["actor_id", 5], ["created_at", 2016-09-24 01:29:39 UTC], ["updated_at", 2016-09-24 01:29:39 UTC]]
  [1m[35m (0.6ms)[0m  [1m[36mcommit transaction[0m
  [1m[35m (0.0ms)[0m  [1m[36mbegin transaction[0m
  [1m[35mSQL (3.0ms)[0m  [1m[32mINSERT INTO "parts" ("movie_id", "actor_id", "created_at", "updated_at") VALUES (?, ?, ?, ?)[0m  [["movie_id", 2], ["actor_id", 1], ["created_at", 2016-09-24 01:29:39 UTC], ["updated_at", 2016-09-24 01:29:39 UTC]]
  [1m[35mSQL (0.1ms)[0m  [1m[32mINSERT INTO "parts" ("movie_id", "actor_id", "created_at", "updated_at") VALUES (?, ?, ?, ?)[0m  [["movie_id", 2], ["actor_id", 6], ["created_at", 2016-09-24 01:29:39 UTC], ["updated_at", 2016-09-24 01:29:39 UTC]]
  [1m[35mSQL (0.1ms)[0m  [1m[32mINSERT INTO "parts" ("movie_id", "actor_id", "created_at", "updated_at") VALUES (?, ?, ?, ?)[0m  [["movie_id", 2], ["actor_id", 25], ["created_at", 2016-09-24 01:29:39 UTC], ["updated_at", 2016-09-24 01:29:39 UTC]]
  [1m[35m (0.8ms)[0m  [1m[36mcommit transaction[0m
  [1m[35m (0.1ms)[0m  [1m[36mbegin transaction[0m
  [1m[35mSQL (0.3ms)[0m  [1m[32mINSERT INTO "parts" ("movie_id", "actor_id", "created_at", "updated_at") VALUES (?, ?, ?, ?)[0m  [["movie_id", 3], ["actor_id", 7], ["created_at", 2016-09-24 01:29:39 UTC], ["updated_at", 2016-09-24 01:29:39 UTC]]
  [1m[35mSQL (0.1ms)[0m  [1m[32mINSERT INTO "parts" ("movie_id", "actor_id", "created_at", "updated_at") VALUES (?, ?, ?, ?)[0m  [["movie_id", 3], ["actor_id", 8], ["created_at", 2016-09-24 01:29:39 UTC], ["updated_at", 2016-09-24 01:29:39 UTC]]
  [1m[35mSQL (0.1ms)[0m  [1m[32mINSERT INTO "parts" ("movie_id", "actor_id", "created_at", "updated_at") VALUES (?, ?, ?, ?)[0m  [["movie_id", 3], ["actor_id", 9], ["created_at", 2016-09-24 01:29:39 UTC], ["updated_at", 2016-09-24 01:29:39 UTC]]
  [1m[35mSQL (0.1ms)[0m  [1m[32mINSERT INTO "parts" ("movie_id", "actor_id", "created_at", "updated_at") VALUES (?, ?, ?, ?)[0m  [["movie_id", 3], ["actor_id", 10], ["created_at", 2016-09-24 01:29:39 UTC], ["updated_at", 2016-09-24 01:29:39 UTC]]
  [1m[35mSQL (0.1ms)[0m  [1m[32mINSERT INTO "parts" ("movie_id", "actor_id", "created_at", "updated_at") VALUES (?, ?, ?, ?)[0m  [["movie_id", 3], ["actor_id", 11], ["created_at", 2016-09-24 01:29:39 UTC], ["updated_at", 2016-09-24 01:29:39 UTC]]
  [1m[35mSQL (0.1ms)[0m  [1m[32mINSERT INTO "parts" ("movie_id", "actor_id", "created_at", "updated_at") VALUES (?, ?, ?, ?)[0m  [["movie_id", 3], ["actor_id", 12], ["created_at", 2016-09-24 01:29:39 UTC], ["updated_at", 2016-09-24 01:29:39 UTC]]
  [1m[35mSQL (0.1ms)[0m  [1m[32mINSERT INTO "parts" ("movie_id", "actor_id", "created_at", "updated_at") VALUES (?, ?, ?, ?)[0m  [["movie_id", 3], ["actor_id", 4], ["created_at", 2016-09-24 01:29:39 UTC], ["updated_at", 2016-09-24 01:29:39 UTC]]
  [1m[35mSQL (0.1ms)[0m  [1m[32mINSERT INTO "parts" ("movie_id", "actor_id", "created_at", "updated_at") VALUES (?, ?, ?, ?)[0m  [["movie_id", 3], ["actor_id", 2], ["created_at", 2016-09-24 01:29:39 UTC], ["updated_at", 2016-09-24 01:29:39 UTC]]
  [1m[35m (0.7ms)[0m  [1m[36mcommit transaction[0m
  [1m[35m (0.0ms)[0m  [1m[36mbegin transaction[0m
  [1m[35mSQL (0.4ms)[0m  [1m[32mINSERT INTO "parts" ("movie_id", "actor_id", "created_at", "updated_at") VALUES (?, ?, ?, ?)[0m  [["movie_id", 4], ["actor_id", 2], ["created_at", 2016-09-24 01:29:39 UTC], ["updated_at", 2016-09-24 01:29:39 UTC]]
  [1m[35mSQL (0.1ms)[0m  [1m[32mINSERT INTO "parts" ("movie_id", "actor_id", "created_at", "updated_at") VALUES (?, ?, ?, ?)[0m  [["movie_id", 4], ["actor_id", 13], ["created_at", 2016-09-24 01:29:39 UTC], ["updated_at", 2016-09-24 01:29:39 UTC]]
  [1m[35mSQL (0.1ms)[0m  [1m[32mINSERT INTO "parts" ("movie_id", "actor_id", "created_at", "updated_at") VALUES (?, ?, ?, ?)[0m  [["movie_id", 4], ["actor_id", 14], ["created_at", 2016-09-24 01:29:39 UTC], ["updated_at", 2016-09-24 01:29:39 UTC]]
  [1m[35mSQL (0.1ms)[0m  [1m[32mINSERT INTO "parts" ("movie_id", "actor_id", "created_at", "updated_at") VALUES (?, ?, ?, ?)[0m  [["movie_id", 4], ["actor_id", 6], ["created_at", 2016-09-24 01:29:39 UTC], ["updated_at", 2016-09-24 01:29:39 UTC]]
  [1m[35m (0.6ms)[0m  [1m[36mcommit transaction[0m
  [1m[35m (0.0ms)[0m  [1m[36mbegin transaction[0m
  [1m[35mSQL (0.3ms)[0m  [1m[32mINSERT INTO "parts" ("movie_id", "actor_id", "created_at", "updated_at") VALUES (?, ?, ?, ?)[0m  [["movie_id", 5], ["actor_id", 13], ["created_at", 2016-09-24 01:29:39 UTC], ["updated_at", 2016-09-24 01:29:39 UTC]]
  [1m[35mSQL (0.1ms)[0m  [1m[32mINSERT INTO "parts" ("movie_id", "actor_id", "created_at", "updated_at") VALUES (?, ?, ?, ?)[0m  [["movie_id", 5], ["actor_id", 26], ["created_at", 2016-09-24 01:29:39 UTC], ["updated_at", 2016-09-24 01:29:39 UTC]]
  [1m[35mSQL (0.1ms)[0m  [1m[32mINSERT INTO "parts" ("movie_id", "actor_id", "created_at", "updated_at") VALUES (?, ?, ?, ?)[0m  [["movie_id", 5], ["actor_id", 15], ["created_at", 2016-09-24 01:29:39 UTC], ["updated_at", 2016-09-24 01:29:39 UTC]]
  [1m[35mSQL (0.1ms)[0m  [1m[32mINSERT INTO "parts" ("movie_id", "actor_id", "created_at", "updated_at") VALUES (?, ?, ?, ?)[0m  [["movie_id", 5], ["actor_id", 16], ["created_at", 2016-09-24 01:29:39 UTC], ["updated_at", 2016-09-24 01:29:39 UTC]]
  [1m[35mSQL (0.1ms)[0m  [1m[32mINSERT INTO "parts" ("movie_id", "actor_id", "created_at", "updated_at") VALUES (?, ?, ?, ?)[0m  [["movie_id", 5], ["actor_id", 7], ["created_at", 2016-09-24 01:29:39 UTC], ["updated_at", 2016-09-24 01:29:39 UTC]]
  [1m[35mSQL (0.3ms)[0m  [1m[32mINSERT INTO "parts" ("movie_id", "actor_id", "created_at", "updated_at") VALUES (?, ?, ?, ?)[0m  [["movie_id", 5], ["actor_id", 17], ["created_at", 2016-09-24 01:29:39 UTC], ["updated_at", 2016-09-24 01:29:39 UTC]]
  [1m[35mSQL (0.1ms)[0m  [1m[32mINSERT INTO "parts" ("movie_id", "actor_id", "created_at", "updated_at") VALUES (?, ?, ?, ?)[0m  [["movie_id", 5], ["actor_id", 28], ["created_at", 2016-09-24 01:29:39 UTC], ["updated_at", 2016-09-24 01:29:39 UTC]]
  [1m[35m (0.9ms)[0m  [1m[36mcommit transaction[0m
  [1m[35m (0.1ms)[0m  [1m[36mbegin transaction[0m
  [1m[35mSQL (0.3ms)[0m  [1m[32mINSERT INTO "parts" ("movie_id", "actor_id", "created_at", "updated_at") VALUES (?, ?, ?, ?)[0m  [["movie_id", 6], ["actor_id", 18], ["created_at", 2016-09-24 01:29:39 UTC], ["updated_at", 2016-09-24 01:29:39 UTC]]
  [1m[35mSQL (0.1ms)[0m  [1m[32mINSERT INTO "parts" ("movie_id", "actor_id", "created_at", "updated_at") VALUES (?, ?, ?, ?)[0m  [["movie_id", 6], ["actor_id", 19], ["created_at", 2016-09-24 01:29:39 UTC], ["updated_at", 2016-09-24 01:29:39 UTC]]
  [1m[35mSQL (0.1ms)[0m  [1m[32mINSERT INTO "parts" ("movie_id", "actor_id", "created_at", "updated_at") VALUES (?, ?, ?, ?)[0m  [["movie_id", 6], ["actor_id", 28], ["created_at", 2016-09-24 01:29:39 UTC], ["updated_at", 2016-09-24 01:29:39 UTC]]
  [1m[35mSQL (0.1ms)[0m  [1m[32mINSERT INTO "parts" ("movie_id", "actor_id", "created_at", "updated_at") VALUES (?, ?, ?, ?)[0m  [["movie_id", 6], ["actor_id", 16], ["created_at", 2016-09-24 01:29:39 UTC], ["updated_at", 2016-09-24 01:29:39 UTC]]
  [1m[35mSQL (0.1ms)[0m  [1m[32mINSERT INTO "parts" ("movie_id", "actor_id", "created_at", "updated_at") VALUES (?, ?, ?, ?)[0m  [["movie_id", 6], ["actor_id", 7], ["created_at", 2016-09-24 01:29:39 UTC], ["updated_at", 2016-09-24 01:29:39 UTC]]
  [1m[35mSQL (0.1ms)[0m  [1m[32mINSERT INTO "parts" ("movie_id", "actor_id", "created_at", "updated_at") VALUES (?, ?, ?, ?)[0m  [["movie_id", 6], ["actor_id", 17], ["created_at", 2016-09-24 01:29:39 UTC], ["updated_at", 2016-09-24 01:29:39 UTC]]
  [1m[35mSQL (0.1ms)[0m  [1m[32mINSERT INTO "parts" ("movie_id", "actor_id", "created_at", "updated_at") VALUES (?, ?, ?, ?)[0m  [["movie_id", 6], ["actor_id", 15], ["created_at", 2016-09-24 01:29:39 UTC], ["updated_at", 2016-09-24 01:29:39 UTC]]
  [1m[35mSQL (0.1ms)[0m  [1m[32mINSERT INTO "parts" ("movie_id", "actor_id", "created_at", "updated_at") VALUES (?, ?, ?, ?)[0m  [["movie_id", 6], ["actor_id", 27], ["created_at", 2016-09-24 01:29:39 UTC], ["updated_at", 2016-09-24 01:29:39 UTC]]
  [1m[35m (0.6ms)[0m  [1m[36mcommit transaction[0m
  [1m[35m (0.0ms)[0m  [1m[36mbegin transaction[0m
  [1m[35mSQL (0.3ms)[0m  [1m[32mINSERT INTO "parts" ("movie_id", "actor_id", "created_at", "updated_at") VALUES (?, ?, ?, ?)[0m  [["movie_id", 7], ["actor_id", 20], ["created_at", 2016-09-24 01:29:39 UTC], ["updated_at", 2016-09-24 01:29:39 UTC]]
  [1m[35mSQL (0.1ms)[0m  [1m[32mINSERT INTO "parts" ("movie_id", "actor_id", "created_at", "updated_at") VALUES (?, ?, ?, ?)[0m  [["movie_id", 7], ["actor_id", 21], ["created_at", 2016-09-24 01:29:39 UTC], ["updated_at", 2016-09-24 01:29:39 UTC]]
  [1m[35mSQL (0.1ms)[0m  [1m[32mINSERT INTO "parts" ("movie_id", "actor_id", "created_at", "updated_at") VALUES (?, ?, ?, ?)[0m  [["movie_id", 7], ["actor_id", 22], ["created_at", 2016-09-24 01:29:39 UTC], ["updated_at", 2016-09-24 01:29:39 UTC]]
  [1m[35mSQL (0.1ms)[0m  [1m[32mINSERT INTO "parts" ("movie_id", "actor_id", "created_at", "updated_at") VALUES (?, ?, ?, ?)[0m  [["movie_id", 7], ["actor_id", 10], ["created_at", 2016-09-24 01:29:39 UTC], ["updated_at", 2016-09-24 01:29:39 UTC]]
  [1m[35m (0.7ms)[0m  [1m[36mcommit transaction[0m
  [1m[35m (0.0ms)[0m  [1m[36mbegin transaction[0m
  [1m[35mSQL (0.2ms)[0m  [1m[32mINSERT INTO "parts" ("movie_id", "actor_id", "created_at", "updated_at") VALUES (?, ?, ?, ?)[0m  [["movie_id", 8], ["actor_id", 20], ["created_at", 2016-09-24 01:29:39 UTC], ["updated_at", 2016-09-24 01:29:39 UTC]]
  [1m[35mSQL (0.1ms)[0m  [1m[32mINSERT INTO "parts" ("movie_id", "actor_id", "created_at", "updated_at") VALUES (?, ?, ?, ?)[0m  [["movie_id", 8], ["actor_id", 9], ["created_at", 2016-09-24 01:29:39 UTC], ["updated_at", 2016-09-24 01:29:39 UTC]]
  [1m[35mSQL (0.1ms)[0m  [1m[32mINSERT INTO "parts" ("movie_id", "actor_id", "created_at", "updated_at") VALUES (?, ?, ?, ?)[0m  [["movie_id", 8], ["actor_id", 23], ["created_at", 2016-09-24 01:29:39 UTC], ["updated_at", 2016-09-24 01:29:39 UTC]]
  [1m[35mSQL (0.1ms)[0m  [1m[32mINSERT INTO "parts" ("movie_id", "actor_id", "created_at", "updated_at") VALUES (?, ?, ?, ?)[0m  [["movie_id", 8], ["actor_id", 24], ["created_at", 2016-09-24 01:29:39 UTC], ["updated_at", 2016-09-24 01:29:39 UTC]]
  [1m[35m (0.8ms)[0m  [1m[36mcommit transaction[0m
  [1m[35m (0.0ms)[0m  [1m[36mbegin transaction[0m
  [1m[35mSQL (1.4ms)[0m  [1m[32mINSERT INTO "parts" ("movie_id", "actor_id", "created_at", "updated_at") VALUES (?, ?, ?, ?)[0m  [["movie_id", 9], ["actor_id", 5], ["created_at", 2016-09-24 01:29:39 UTC], ["updated_at", 2016-09-24 01:29:39 UTC]]
  [1m[35mSQL (0.1ms)[0m  [1m[32mINSERT INTO "parts" ("movie_id", "actor_id", "created_at", "updated_at") VALUES (?, ?, ?, ?)[0m  [["movie_id", 9], ["actor_id", 9], ["created_at", 2016-09-24 01:29:39 UTC], ["updated_at", 2016-09-24 01:29:39 UTC]]
  [1m[35mSQL (0.1ms)[0m  [1m[32mINSERT INTO "parts" ("movie_id", "actor_id", "created_at", "updated_at") VALUES (?, ?, ?, ?)[0m  [["movie_id", 9], ["actor_id", 29], ["created_at", 2016-09-24 01:29:39 UTC], ["updated_at", 2016-09-24 01:29:39 UTC]]
  [1m[35mSQL (0.1ms)[0m  [1m[32mINSERT INTO "parts" ("movie_id", "actor_id", "created_at", "updated_at") VALUES (?, ?, ?, ?)[0m  [["movie_id", 9], ["actor_id", 30], ["created_at", 2016-09-24 01:29:39 UTC], ["updated_at", 2016-09-24 01:29:39 UTC]]
  [1m[35m (0.7ms)[0m  [1m[36mcommit transaction[0m
  [1m[35m (0.0ms)[0m  [1m[36mbegin transaction[0m
  [1m[35mSQL (0.2ms)[0m  [1m[32mINSERT INTO "parts" ("movie_id", "actor_id", "created_at", "updated_at") VALUES (?, ?, ?, ?)[0m  [["movie_id", 10], ["actor_id", 31], ["created_at", 2016-09-24 01:29:39 UTC], ["updated_at", 2016-09-24 01:29:39 UTC]]
  [1m[35mSQL (0.1ms)[0m  [1m[32mINSERT INTO "parts" ("movie_id", "actor_id", "created_at", "updated_at") VALUES (?, ?, ?, ?)[0m  [["movie_id", 10], ["actor_id", 27], ["created_at", 2016-09-24 01:29:39 UTC], ["updated_at", 2016-09-24 01:29:39 UTC]]
  [1m[35mSQL (0.3ms)[0m  [1m[32mINSERT INTO "parts" ("movie_id", "actor_id", "created_at", "updated_at") VALUES (?, ?, ?, ?)[0m  [["movie_id", 10], ["actor_id", 28], ["created_at", 2016-09-24 01:29:39 UTC], ["updated_at", 2016-09-24 01:29:39 UTC]]
  [1m[35mSQL (0.1ms)[0m  [1m[32mINSERT INTO "parts" ("movie_id", "actor_id", "created_at", "updated_at") VALUES (?, ?, ?, ?)[0m  [["movie_id", 10], ["actor_id", 2], ["created_at", 2016-09-24 01:29:39 UTC], ["updated_at", 2016-09-24 01:29:39 UTC]]
  [1m[35m (0.4ms)[0m  [1m[36mcommit transaction[0m
Started GET "/movies" for ::1 at 2016-09-24 08:42:58 +0700
  [1m[36mActiveRecord::SchemaMigration Load (0.2ms)[0m  [1m[34mSELECT "schema_migrations".* FROM "schema_migrations"[0m
Processing by MoviesController#index as HTML
  Rendering movies/index.html.erb within layouts/application
  [1m[36mMovie Load (0.2ms)[0m  [1m[34mSELECT "movies".* FROM "movies"[0m
  Rendered movies/index.html.erb within layouts/application (14.2ms)
Completed 200 OK in 724ms (Views: 705.9ms | ActiveRecord: 0.6ms)


Started GET "/movies" for ::1 at 2016-09-24 09:54:38 +0700
  [1m[36mActiveRecord::SchemaMigration Load (0.1ms)[0m  [1m[34mSELECT "schema_migrations".* FROM "schema_migrations"[0m
Processing by MoviesController#index as HTML
  Rendering movies/index.html.erb within layouts/application
  [1m[36mMovie Load (0.3ms)[0m  [1m[34mSELECT "movies".* FROM "movies"[0m
  Rendered movies/index.html.erb within layouts/application (15.4ms)
Completed 200 OK in 246ms (Views: 230.3ms | ActiveRecord: 0.8ms)


Started GET "/movies" for ::1 at 2016-09-24 09:54:40 +0700
Processing by MoviesController#index as HTML
  Rendering movies/index.html.erb within layouts/application
  [1m[36mMovie Load (0.3ms)[0m  [1m[34mSELECT "movies".* FROM "movies"[0m
  Rendered movies/index.html.erb within layouts/application (1.5ms)
Completed 200 OK in 18ms (Views: 16.7ms | ActiveRecord: 0.2ms)


Started GET "/movies" for ::1 at 2016-09-24 09:54:42 +0700
Processing by MoviesController#index as HTML
  Rendering movies/index.html.erb within layouts/application
  [1m[36mMovie Load (0.2ms)[0m  [1m[34mSELECT "movies".* FROM "movies"[0m
  Rendered movies/index.html.erb within layouts/application (1.5ms)
Completed 200 OK in 46ms (Views: 44.1ms | ActiveRecord: 0.2ms)


Started GET "/movies" for ::1 at 2016-09-24 09:54:50 +0700
Processing by MoviesController#index as HTML
  Rendering movies/index.html.erb within layouts/application
  [1m[36mMovie Load (0.2ms)[0m  [1m[34mSELECT "movies".* FROM "movies"[0m
  Rendered movies/index.html.erb within layouts/application (1.5ms)
Completed 200 OK in 21ms (Views: 19.2ms | ActiveRecord: 0.2ms)


Started GET "/movies" for ::1 at 2016-09-24 14:17:58 +0700
  [1m[36mActiveRecord::SchemaMigration Load (0.1ms)[0m  [1m[34mSELECT "schema_migrations".* FROM "schema_migrations"[0m
Processing by MoviesController#index as HTML
  Rendering movies/index.html.erb within layouts/application
  [1m[36mMovie Load (0.2ms)[0m  [1m[34mSELECT "movies".* FROM "movies"[0m
  Rendered movies/index.html.erb within layouts/application (108.0ms)
Completed 500 Internal Server Error in 134ms (ActiveRecord: 0.6ms)


  
ActionView::Template::Error (undefined local variable or method `movie' for #<#<Class:0x007f84b137a450>:0x007f84b1369fd8>
Did you mean?  movie_url
               @movies):
    16:         <h3><%= m.title %></h3>
    17:         <p><%= m.release_year %></p>
    18:         <p><%= m.plot %></p>
    19:         <%= link_to "Learn more", movie_path(movie) %>
    20:       </div>
    21: 
    22:     <% end %>
  
app/views/movies/index.html.erb:19:in `block in _app_views_movies_index_html_erb___1763818269921634734_70103942815180'
app/views/movies/index.html.erb:13:in `_app_views_movies_index_html_erb___1763818269921634734_70103942815180'
  Rendering /Users/tringo/.rvm/gems/ruby-2.3.1/gems/actionpack-5.0.0.1/lib/action_dispatch/middleware/templates/rescues/template_error.html.erb within rescues/layout
  Rendering /Users/tringo/.rvm/gems/ruby-2.3.1/gems/actionpack-5.0.0.1/lib/action_dispatch/middleware/templates/rescues/_source.html.erb
  Rendered /Users/tringo/.rvm/gems/ruby-2.3.1/gems/actionpack-5.0.0.1/lib/action_dispatch/middleware/templates/rescues/_source.html.erb (3.8ms)
  Rendering /Users/tringo/.rvm/gems/ruby-2.3.1/gems/actionpack-5.0.0.1/lib/action_dispatch/middleware/templates/rescues/_trace.html.erb
  Rendered /Users/tringo/.rvm/gems/ruby-2.3.1/gems/actionpack-5.0.0.1/lib/action_dispatch/middleware/templates/rescues/_trace.html.erb (1.7ms)
  Rendering /Users/tringo/.rvm/gems/ruby-2.3.1/gems/actionpack-5.0.0.1/lib/action_dispatch/middleware/templates/rescues/_request_and_response.html.erb
  Rendered /Users/tringo/.rvm/gems/ruby-2.3.1/gems/actionpack-5.0.0.1/lib/action_dispatch/middleware/templates/rescues/_request_and_response.html.erb (0.6ms)
  Rendered /Users/tringo/.rvm/gems/ruby-2.3.1/gems/actionpack-5.0.0.1/lib/action_dispatch/middleware/templates/rescues/template_error.html.erb within rescues/layout (57.1ms)
Started GET "/movies" for ::1 at 2016-09-24 14:18:33 +0700
  [1m[36mActiveRecord::SchemaMigration Load (0.1ms)[0m  [1m[34mSELECT "schema_migrations".* FROM "schema_migrations"[0m
Processing by MoviesController#index as HTML
  Rendering movies/index.html.erb within layouts/application
  [1m[36mMovie Load (0.2ms)[0m  [1m[34mSELECT "movies".* FROM "movies"[0m
  Rendered movies/index.html.erb within layouts/application (14.2ms)
Completed 200 OK in 246ms (Views: 229.4ms | ActiveRecord: 0.5ms)


Started GET "/movies" for ::1 at 2016-09-24 14:19:47 +0700
  [1m[36mActiveRecord::SchemaMigration Load (0.1ms)[0m  [1m[34mSELECT "schema_migrations".* FROM "schema_migrations"[0m
Processing by MoviesController#index as HTML
  Rendering movies/index.html.erb within layouts/application
  [1m[36mMovie Load (0.2ms)[0m  [1m[34mSELECT "movies".* FROM "movies"[0m
  Rendered movies/index.html.erb within layouts/application (14.1ms)
Completed 200 OK in 223ms (Views: 208.8ms | ActiveRecord: 0.5ms)


Started GET "/movies" for ::1 at 2016-09-24 14:22:03 +0700
  [1m[36mActiveRecord::SchemaMigration Load (0.1ms)[0m  [1m[34mSELECT "schema_migrations".* FROM "schema_migrations"[0m
Processing by MoviesController#index as HTML
  Rendering movies/index.html.erb within layouts/application
  [1m[36mMovie Load (0.2ms)[0m  [1m[34mSELECT "movies".* FROM "movies"[0m
  Rendered movies/index.html.erb within layouts/application (13.2ms)
Completed 200 OK in 253ms (Views: 236.4ms | ActiveRecord: 0.7ms)


Started GET "/movies/1" for ::1 at 2016-09-24 14:22:17 +0700
Processing by MoviesController#show as HTML
  Parameters: {"id"=>"1"}
  [1m[36mMovie Load (0.3ms)[0m  [1m[34mSELECT  "movies".* FROM "movies" WHERE "movies"."id" = ? LIMIT ?[0m  [["id", 1], ["LIMIT", 1]]
  Rendering movies/show.html.erb within layouts/application
  [1m[36mActor Load (0.3ms)[0m  [1m[34mSELECT "actors".* FROM "actors"[0m
  Rendered movies/show.html.erb within layouts/application (8.8ms)
Completed 200 OK in 42ms (Views: 27.7ms | ActiveRecord: 1.0ms)


Started GET "/movies" for ::1 at 2016-09-24 14:22:33 +0700
Processing by MoviesController#index as HTML
  Rendering movies/index.html.erb within layouts/application
  [1m[36mMovie Load (0.2ms)[0m  [1m[34mSELECT "movies".* FROM "movies"[0m
  Rendered movies/index.html.erb within layouts/application (2.4ms)
Completed 200 OK in 25ms (Views: 23.0ms | ActiveRecord: 0.2ms)


